Determining if the pthread_create exist failed with the following output:
Change Dir: /home/doug/Desktop/ee106_zumy_support/on_zumy_odroid/zumy_ros/build/CMakeFiles/CMakeTmp

Run Build Command:/usr/bin/make "cmTryCompileExec436593082/fast"
/usr/bin/make -f CMakeFiles/cmTryCompileExec436593082.dir/build.make CMakeFiles/cmTryCompileExec436593082.dir/build
make[1]: Entering directory `/home/doug/Desktop/ee106_zumy_support/on_zumy_odroid/zumy_ros/build/CMakeFiles/CMakeTmp'
/usr/bin/cmake -E cmake_progress_report /home/doug/Desktop/ee106_zumy_support/on_zumy_odroid/zumy_ros/build/CMakeFiles/CMakeTmp/CMakeFiles 1
Building C object CMakeFiles/cmTryCompileExec436593082.dir/CheckSymbolExists.c.o
/usr/bin/cc    -o CMakeFiles/cmTryCompileExec436593082.dir/CheckSymbolExists.c.o   -c /home/doug/Desktop/ee106_zumy_support/on_zumy_odroid/zumy_ros/build/CMakeFiles/CMakeTmp/CheckSymbolExists.c
Linking C executable cmTryCompileExec436593082
/usr/bin/cmake -E cmake_link_script CMakeFiles/cmTryCompileExec436593082.dir/link.txt --verbose=1
/usr/bin/cc       CMakeFiles/cmTryCompileExec436593082.dir/CheckSymbolExists.c.o  -o cmTryCompileExec436593082 -rdynamic 
CMakeFiles/cmTryCompileExec436593082.dir/CheckSymbolExists.c.o: In function `main':
CheckSymbolExists.c:(.text+0x16): undefined reference to `pthread_create'
collect2: error: ld returned 1 exit status
make[1]: Leaving directory `/home/doug/Desktop/ee106_zumy_support/on_zumy_odroid/zumy_ros/build/CMakeFiles/CMakeTmp'
make[1]: *** [cmTryCompileExec436593082] Error 1
make: *** [cmTryCompileExec436593082/fast] Error 2

File /home/doug/Desktop/ee106_zumy_support/on_zumy_odroid/zumy_ros/build/CMakeFiles/CMakeTmp/CheckSymbolExists.c:
/* */
#include <pthread.h>

int main(int argc, char** argv)
{
  (void)argv;
#ifndef pthread_create
  return ((int*)(&pthread_create))[argc];
#else
  (void)argc;
  return 0;
#endif
}

Determining if the function pthread_create exists in the pthreads failed with the following output:
Change Dir: /home/doug/Desktop/ee106_zumy_support/on_zumy_odroid/zumy_ros/build/CMakeFiles/CMakeTmp

Run Build Command:/usr/bin/make "cmTryCompileExec473563268/fast"
/usr/bin/make -f CMakeFiles/cmTryCompileExec473563268.dir/build.make CMakeFiles/cmTryCompileExec473563268.dir/build
make[1]: Entering directory `/home/doug/Desktop/ee106_zumy_support/on_zumy_odroid/zumy_ros/build/CMakeFiles/CMakeTmp'
/usr/bin/cmake -E cmake_progress_report /home/doug/Desktop/ee106_zumy_support/on_zumy_odroid/zumy_ros/build/CMakeFiles/CMakeTmp/CMakeFiles 1
Building C object CMakeFiles/cmTryCompileExec473563268.dir/CheckFunctionExists.c.o
/usr/bin/cc   -DCHECK_FUNCTION_EXISTS=pthread_create   -o CMakeFiles/cmTryCompileExec473563268.dir/CheckFunctionExists.c.o   -c /usr/share/cmake-2.8/Modules/CheckFunctionExists.c
Linking C executable cmTryCompileExec473563268
/usr/bin/cmake -E cmake_link_script CMakeFiles/cmTryCompileExec473563268.dir/link.txt --verbose=1
/usr/bin/cc   -DCHECK_FUNCTION_EXISTS=pthread_create    CMakeFiles/cmTryCompileExec473563268.dir/CheckFunctionExists.c.o  -o cmTryCompileExec473563268 -rdynamic -lpthreads 
/usr/bin/ld: cannot find -lpthreads
collect2: error: ld returned 1 exit status
make[1]: *** [cmTryCompileExec473563268] Error 1
make[1]: Leaving directory `/home/doug/Desktop/ee106_zumy_support/on_zumy_odroid/zumy_ros/build/CMakeFiles/CMakeTmp'
make: *** [cmTryCompileExec473563268/fast] Error 2


