Determining if the pthread_create exist failed with the following output:
Change Dir: /home/zumy/coop_slam_workspace/build/CMakeFiles/CMakeTmp

Run Build Command:/usr/bin/make "cmTryCompileExec330401182/fast"
/usr/bin/make -f CMakeFiles/cmTryCompileExec330401182.dir/build.make CMakeFiles/cmTryCompileExec330401182.dir/build
make[1]: Entering directory `/home/zumy/coop_slam_workspace/build/CMakeFiles/CMakeTmp'
/usr/bin/cmake -E cmake_progress_report /home/zumy/coop_slam_workspace/build/CMakeFiles/CMakeTmp/CMakeFiles 1
Building C object CMakeFiles/cmTryCompileExec330401182.dir/CheckSymbolExists.c.o
/usr/bin/cc    -o CMakeFiles/cmTryCompileExec330401182.dir/CheckSymbolExists.c.o   -c /home/zumy/coop_slam_workspace/build/CMakeFiles/CMakeTmp/CheckSymbolExists.c
Linking C executable cmTryCompileExec330401182
/usr/bin/cmake -E cmake_link_script CMakeFiles/cmTryCompileExec330401182.dir/link.txt --verbose=1
/usr/bin/cc       CMakeFiles/cmTryCompileExec330401182.dir/CheckSymbolExists.c.o  -o cmTryCompileExec330401182 -rdynamic 
CMakeFiles/cmTryCompileExec330401182.dir/CheckSymbolExists.c.o: In function `main':
CheckSymbolExists.c:(.text+0xe): undefined reference to `pthread_create'
CheckSymbolExists.c:(.text+0x12): undefined reference to `pthread_create'
collect2: error: ld returned 1 exit status
make[1]: *** [cmTryCompileExec330401182] Error 1
make[1]: Leaving directory `/home/zumy/coop_slam_workspace/build/CMakeFiles/CMakeTmp'
make: *** [cmTryCompileExec330401182/fast] Error 2

File /home/zumy/coop_slam_workspace/build/CMakeFiles/CMakeTmp/CheckSymbolExists.c:
/* */
#include <pthread.h>

int main(int argc, char** argv)
{
  (void)argv;
#ifndef pthread_create
  return ((int*)(&pthread_create))[argc];
#else
  (void)argc;
  return 0;
#endif
}

Determining if the function pthread_create exists in the pthreads failed with the following output:
Change Dir: /home/zumy/coop_slam_workspace/build/CMakeFiles/CMakeTmp

Run Build Command:/usr/bin/make "cmTryCompileExec620301083/fast"
/usr/bin/make -f CMakeFiles/cmTryCompileExec620301083.dir/build.make CMakeFiles/cmTryCompileExec620301083.dir/build
make[1]: Entering directory `/home/zumy/coop_slam_workspace/build/CMakeFiles/CMakeTmp'
make[1]: Warning: File `/usr/share/cmake-2.8/Modules/CheckFunctionExists.c' has modification time 4.4e+08 s in the future
/usr/bin/cmake -E cmake_progress_report /home/zumy/coop_slam_workspace/build/CMakeFiles/CMakeTmp/CMakeFiles 1
Building C object CMakeFiles/cmTryCompileExec620301083.dir/CheckFunctionExists.c.o
/usr/bin/cc   -DCHECK_FUNCTION_EXISTS=pthread_create   -o CMakeFiles/cmTryCompileExec620301083.dir/CheckFunctionExists.c.o   -c /usr/share/cmake-2.8/Modules/CheckFunctionExists.c
Linking C executable cmTryCompileExec620301083
/usr/bin/cmake -E cmake_link_script CMakeFiles/cmTryCompileExec620301083.dir/link.txt --verbose=1
/usr/bin/cc   -DCHECK_FUNCTION_EXISTS=pthread_create    CMakeFiles/cmTryCompileExec620301083.dir/CheckFunctionExists.c.o  -o cmTryCompileExec620301083 -rdynamic -lpthreads 
/usr/bin/ld: cannot find -lpthreads
collect2: error: ld returned 1 exit status
make[1]: *** [cmTryCompileExec620301083] Error 1
make[1]: Leaving directory `/home/zumy/coop_slam_workspace/build/CMakeFiles/CMakeTmp'
make: *** [cmTryCompileExec620301083/fast] Error 2


